09-Oct-2024 14:02:40.006 INFO [main] org.apache.catalina.startup.VersionLoggerListener.log Nom version serveur :              Apache Tomcat/10.1.29
09-Oct-2024 14:02:40.011 INFO [main] org.apache.catalina.startup.VersionLoggerListener.log Serveur compilé :                  Sep 5 2024 14:23:34 UTC
09-Oct-2024 14:02:40.011 INFO [main] org.apache.catalina.startup.VersionLoggerListener.log Version du serveur :               10.1.29.0
09-Oct-2024 14:02:40.011 INFO [main] org.apache.catalina.startup.VersionLoggerListener.log Nom de l'OS :                      Windows 11
09-Oct-2024 14:02:40.012 INFO [main] org.apache.catalina.startup.VersionLoggerListener.log Version OS :                       10.0
09-Oct-2024 14:02:40.012 INFO [main] org.apache.catalina.startup.VersionLoggerListener.log Architecture :                     amd64
09-Oct-2024 14:02:40.012 INFO [main] org.apache.catalina.startup.VersionLoggerListener.log Java Home :                        C:\JEE\JDK\jdk-11.0.23
09-Oct-2024 14:02:40.012 INFO [main] org.apache.catalina.startup.VersionLoggerListener.log Version JVM :                      11.0.23+7-LTS-222
09-Oct-2024 14:02:40.012 INFO [main] org.apache.catalina.startup.VersionLoggerListener.log Fournisseur de la JVM :            Oracle Corporation
09-Oct-2024 14:02:40.012 INFO [main] org.apache.catalina.startup.VersionLoggerListener.log CATALINA_BASE :                    C:\JEE\serveurs\apache-tomcat-10.1.29
09-Oct-2024 14:02:40.013 INFO [main] org.apache.catalina.startup.VersionLoggerListener.log CATALINA_HOME :                    C:\JEE\serveurs\apache-tomcat-10.1.29
09-Oct-2024 14:02:40.048 INFO [main] org.apache.catalina.startup.VersionLoggerListener.log Argument de la ligne de commande : -Djava.util.logging.config.file=c:\JEE\serveurs\apache-tomcat-10.1.29/conf/logging.properties
09-Oct-2024 14:02:40.048 INFO [main] org.apache.catalina.startup.VersionLoggerListener.log Argument de la ligne de commande : -Djava.util.logging.manager=org.apache.juli.ClassLoaderLogManager
09-Oct-2024 14:02:40.048 INFO [main] org.apache.catalina.startup.VersionLoggerListener.log Argument de la ligne de commande : -Djdk.tls.ephemeralDHKeySize=2048
09-Oct-2024 14:02:40.049 INFO [main] org.apache.catalina.startup.VersionLoggerListener.log Argument de la ligne de commande : -Djava.protocol.handler.pkgs=org.apache.catalina.webresources
09-Oct-2024 14:02:40.049 INFO [main] org.apache.catalina.startup.VersionLoggerListener.log Argument de la ligne de commande : -Dorg.apache.catalina.security.SecurityListener.UMASK=0027
09-Oct-2024 14:02:40.049 INFO [main] org.apache.catalina.startup.VersionLoggerListener.log Argument de la ligne de commande : -Dcatalina.base=c:\JEE\serveurs\apache-tomcat-10.1.29
09-Oct-2024 14:02:40.049 INFO [main] org.apache.catalina.startup.VersionLoggerListener.log Argument de la ligne de commande : -Dcatalina.home=c:\JEE\serveurs\apache-tomcat-10.1.29
09-Oct-2024 14:02:40.049 INFO [main] org.apache.catalina.startup.VersionLoggerListener.log Argument de la ligne de commande : -Djava.io.tmpdir=c:\JEE\serveurs\apache-tomcat-10.1.29/temp
09-Oct-2024 14:02:40.062 INFO [main] org.apache.catalina.core.AprLifecycleListener.lifecycleEvent La librairie Apache Tomcat Native basée sur APR qui permet des performances optimales dans les environnements de production n'a pas été trouvée sur le java.library.path : [C:\JEE\JDK\jdk-11.0.23\bin;C:\WINDOWS\Sun\Java\bin;C:\WINDOWS\system32;C:\WINDOWS;C:\JEE\JDK\jdk-11.0.23\bin;C:\Program Files (x86)\VMware\VMware Player\bin\;C:\WINDOWS\system32;C:\WINDOWS;C:\WINDOWS\System32\Wbem;C:\WINDOWS\System32\WindowsPowerShell\v1.0\;C:\WINDOWS\System32\OpenSSH\;C:\PHP;C:\Program Files\Git\cmd;C:\MinGW\bin;C:\JEE\apache-maven-3.9.9\bin;C:\JEE\JDK\jdk-11.0.23\bin;C:\Users\robin\AppData\Local\Microsoft\WindowsApps;C:\Users\robin\AppData\Local\GitHubDesktop\bin;C:\Users\robin\AppData\Local\Programs\Microsoft VS Code\bin;;C:\Program Files\JetBrains\IntelliJ IDEA 2024.2.3\bin;;.]
09-Oct-2024 14:02:40.514 INFO [main] org.apache.coyote.AbstractProtocol.init Initialisation du gestionnaire de protocole ["http-nio-8080"]
09-Oct-2024 14:02:40.600 INFO [main] org.apache.catalina.startup.Catalina.load L'initialisation du serveur a pris [976] millisecondes
09-Oct-2024 14:02:40.687 INFO [main] org.apache.catalina.core.StandardService.startInternal Démarrage du service [Catalina]
09-Oct-2024 14:02:40.687 INFO [main] org.apache.catalina.core.StandardEngine.startInternal Démarrage du moteur de Servlets : [Apache Tomcat/10.1.29]
09-Oct-2024 14:02:40.746 INFO [main] org.apache.catalina.startup.HostConfig.deployWAR Déploiement de l'archive [C:\JEE\serveurs\apache-tomcat-10.1.29\webapps\boutique.war] de l'application web
09-Oct-2024 14:02:41.605 WARNING [main] org.apache.catalina.util.SessionIdGeneratorBase.createSecureRandom La création de l'instance de SecureRandom pour le générateur d'id de session en utilisant [SHA1PRNG] a pris [253] millisecondes
09-Oct-2024 14:02:41.671 INFO [main] org.apache.catalina.startup.HostConfig.deployWAR Le déploiement de l'archive de l'application web [C:\JEE\serveurs\apache-tomcat-10.1.29\webapps\boutique.war] s'est terminé en [924] ms
09-Oct-2024 14:02:41.689 INFO [main] org.apache.catalina.startup.HostConfig.deployWAR Déploiement de l'archive [C:\JEE\serveurs\apache-tomcat-10.1.29\webapps\td1.war] de l'application web
09-Oct-2024 14:02:41.770 INFO [main] org.apache.catalina.startup.HostConfig.deployWAR Le déploiement de l'archive de l'application web [C:\JEE\serveurs\apache-tomcat-10.1.29\webapps\td1.war] s'est terminé en [81] ms
09-Oct-2024 14:02:41.794 INFO [main] org.apache.catalina.startup.HostConfig.deployWAR Déploiement de l'archive [C:\JEE\serveurs\apache-tomcat-10.1.29\webapps\td2.war] de l'application web
09-Oct-2024 14:02:41.896 INFO [main] org.apache.catalina.startup.HostConfig.deployWAR Le déploiement de l'archive de l'application web [C:\JEE\serveurs\apache-tomcat-10.1.29\webapps\td2.war] s'est terminé en [102] ms
09-Oct-2024 14:02:41.908 INFO [main] org.apache.catalina.startup.HostConfig.deployWAR Déploiement de l'archive [C:\JEE\serveurs\apache-tomcat-10.1.29\webapps\td3.war] de l'application web
09-Oct-2024 14:02:42.012 INFO [main] org.apache.catalina.startup.HostConfig.deployWAR Le déploiement de l'archive de l'application web [C:\JEE\serveurs\apache-tomcat-10.1.29\webapps\td3.war] s'est terminé en [104] ms
09-Oct-2024 14:02:42.013 INFO [main] org.apache.catalina.startup.HostConfig.deployDirectory Déploiement du répertoire d'application web [C:\JEE\serveurs\apache-tomcat-10.1.29\webapps\docs]
09-Oct-2024 14:02:42.080 INFO [main] org.apache.catalina.startup.HostConfig.deployDirectory Le déploiement du répertoire [C:\JEE\serveurs\apache-tomcat-10.1.29\webapps\docs] de l'application web s'est terminé en [67] ms
09-Oct-2024 14:02:42.081 INFO [main] org.apache.catalina.startup.HostConfig.deployDirectory Déploiement du répertoire d'application web [C:\JEE\serveurs\apache-tomcat-10.1.29\webapps\examples]
09-Oct-2024 14:02:42.729 INFO [main] org.apache.catalina.startup.HostConfig.deployDirectory Le déploiement du répertoire [C:\JEE\serveurs\apache-tomcat-10.1.29\webapps\examples] de l'application web s'est terminé en [646] ms
09-Oct-2024 14:02:42.730 INFO [main] org.apache.catalina.startup.HostConfig.deployDirectory Déploiement du répertoire d'application web [C:\JEE\serveurs\apache-tomcat-10.1.29\webapps\host-manager]
09-Oct-2024 14:02:42.780 INFO [main] org.apache.catalina.startup.HostConfig.deployDirectory Le déploiement du répertoire [C:\JEE\serveurs\apache-tomcat-10.1.29\webapps\host-manager] de l'application web s'est terminé en [51] ms
09-Oct-2024 14:02:42.781 INFO [main] org.apache.catalina.startup.HostConfig.deployDirectory Déploiement du répertoire d'application web [C:\JEE\serveurs\apache-tomcat-10.1.29\webapps\manager]
09-Oct-2024 14:02:42.826 INFO [main] org.apache.catalina.startup.HostConfig.deployDirectory Le déploiement du répertoire [C:\JEE\serveurs\apache-tomcat-10.1.29\webapps\manager] de l'application web s'est terminé en [45] ms
09-Oct-2024 14:02:42.827 INFO [main] org.apache.catalina.startup.HostConfig.deployDirectory Déploiement du répertoire d'application web [C:\JEE\serveurs\apache-tomcat-10.1.29\webapps\ROOT]
09-Oct-2024 14:02:42.864 INFO [main] org.apache.catalina.startup.HostConfig.deployDirectory Le déploiement du répertoire [C:\JEE\serveurs\apache-tomcat-10.1.29\webapps\ROOT] de l'application web s'est terminé en [37] ms
09-Oct-2024 14:02:42.875 INFO [main] org.apache.coyote.AbstractProtocol.start Démarrage du gestionnaire de protocole ["http-nio-8080"]
09-Oct-2024 14:02:43.129 INFO [main] org.apache.catalina.startup.Catalina.start Le démarrage du serveur a pris [2526] millisecondes
09-Oct-2024 14:36:28.617 INFO [Catalina-utility-1] org.apache.catalina.startup.HostConfig.undeploy Retrait de l'application web ayant pour chemin de contexte [/boutique]
09-Oct-2024 14:36:28.801 INFO [Catalina-utility-1] org.apache.catalina.startup.HostConfig.deployWAR Déploiement de l'archive [C:\JEE\serveurs\apache-tomcat-10.1.29\webapps\boutique.war] de l'application web
09-Oct-2024 14:36:28.951 INFO [Catalina-utility-1] org.apache.catalina.startup.HostConfig.deployWAR Le déploiement de l'archive de l'application web [C:\JEE\serveurs\apache-tomcat-10.1.29\webapps\boutique.war] s'est terminé en [150] ms
09-Oct-2024 14:43:30.041 INFO [Catalina-utility-1] org.apache.catalina.startup.HostConfig.undeploy Retrait de l'application web ayant pour chemin de contexte [/boutique]
09-Oct-2024 14:43:30.085 INFO [Catalina-utility-1] org.apache.catalina.startup.HostConfig.deployWAR Déploiement de l'archive [C:\JEE\serveurs\apache-tomcat-10.1.29\webapps\boutique.war] de l'application web
09-Oct-2024 14:43:30.240 INFO [Catalina-utility-1] org.apache.catalina.startup.HostConfig.deployWAR Le déploiement de l'archive de l'application web [C:\JEE\serveurs\apache-tomcat-10.1.29\webapps\boutique.war] s'est terminé en [155] ms
09-Oct-2024 14:44:40.373 INFO [Catalina-utility-2] org.apache.catalina.startup.HostConfig.undeploy Retrait de l'application web ayant pour chemin de contexte [/boutique]
09-Oct-2024 14:44:40.434 INFO [Catalina-utility-2] org.apache.catalina.startup.HostConfig.deployWAR Déploiement de l'archive [C:\JEE\serveurs\apache-tomcat-10.1.29\webapps\boutique.war] de l'application web
09-Oct-2024 14:44:40.559 INFO [Catalina-utility-2] org.apache.catalina.startup.HostConfig.deployWAR Le déploiement de l'archive de l'application web [C:\JEE\serveurs\apache-tomcat-10.1.29\webapps\boutique.war] s'est terminé en [125] ms
09-Oct-2024 14:50:11.442 INFO [Catalina-utility-2] org.apache.catalina.startup.HostConfig.undeploy Retrait de l'application web ayant pour chemin de contexte [/boutique]
09-Oct-2024 14:50:11.520 INFO [Catalina-utility-2] org.apache.catalina.startup.HostConfig.deployWAR Déploiement de l'archive [C:\JEE\serveurs\apache-tomcat-10.1.29\webapps\boutique.war] de l'application web
09-Oct-2024 14:50:11.631 INFO [Catalina-utility-2] org.apache.catalina.startup.HostConfig.deployWAR Le déploiement de l'archive de l'application web [C:\JEE\serveurs\apache-tomcat-10.1.29\webapps\boutique.war] s'est terminé en [111] ms
09-Oct-2024 14:53:22.064 INFO [Catalina-utility-2] org.apache.catalina.startup.HostConfig.undeploy Retrait de l'application web ayant pour chemin de contexte [/boutique]
09-Oct-2024 14:53:22.114 INFO [Catalina-utility-2] org.apache.catalina.startup.HostConfig.deployWAR Déploiement de l'archive [C:\JEE\serveurs\apache-tomcat-10.1.29\webapps\boutique.war] de l'application web
09-Oct-2024 14:53:22.248 INFO [Catalina-utility-2] org.apache.catalina.startup.HostConfig.deployWAR Le déploiement de l'archive de l'application web [C:\JEE\serveurs\apache-tomcat-10.1.29\webapps\boutique.war] s'est terminé en [135] ms
09-Oct-2024 15:02:53.549 INFO [Catalina-utility-1] org.apache.catalina.startup.HostConfig.undeploy Retrait de l'application web ayant pour chemin de contexte [/boutique]
09-Oct-2024 15:02:53.620 INFO [Catalina-utility-1] org.apache.catalina.startup.HostConfig.deployWAR Déploiement de l'archive [C:\JEE\serveurs\apache-tomcat-10.1.29\webapps\boutique.war] de l'application web
09-Oct-2024 15:02:53.734 INFO [Catalina-utility-1] org.apache.catalina.startup.HostConfig.deployWAR Le déploiement de l'archive de l'application web [C:\JEE\serveurs\apache-tomcat-10.1.29\webapps\boutique.war] s'est terminé en [114] ms
09-Oct-2024 15:03:43.866 INFO [Catalina-utility-2] org.apache.catalina.startup.HostConfig.undeploy Retrait de l'application web ayant pour chemin de contexte [/boutique]
09-Oct-2024 15:03:43.925 INFO [Catalina-utility-2] org.apache.catalina.startup.HostConfig.deployWAR Déploiement de l'archive [C:\JEE\serveurs\apache-tomcat-10.1.29\webapps\boutique.war] de l'application web
09-Oct-2024 15:03:44.047 INFO [Catalina-utility-2] org.apache.catalina.startup.HostConfig.deployWAR Le déploiement de l'archive de l'application web [C:\JEE\serveurs\apache-tomcat-10.1.29\webapps\boutique.war] s'est terminé en [122] ms
09-Oct-2024 15:04:34.160 INFO [Catalina-utility-1] org.apache.catalina.startup.HostConfig.undeploy Retrait de l'application web ayant pour chemin de contexte [/boutique]
09-Oct-2024 15:04:34.211 INFO [Catalina-utility-1] org.apache.catalina.startup.HostConfig.deployWAR Déploiement de l'archive [C:\JEE\serveurs\apache-tomcat-10.1.29\webapps\boutique.war] de l'application web
09-Oct-2024 15:04:34.329 INFO [Catalina-utility-1] org.apache.catalina.startup.HostConfig.deployWAR Le déploiement de l'archive de l'application web [C:\JEE\serveurs\apache-tomcat-10.1.29\webapps\boutique.war] s'est terminé en [117] ms
09-Oct-2024 15:06:14.622 INFO [Catalina-utility-1] org.apache.catalina.startup.HostConfig.undeploy Retrait de l'application web ayant pour chemin de contexte [/boutique]
09-Oct-2024 15:06:14.950 INFO [Catalina-utility-1] org.apache.catalina.startup.HostConfig.deployWAR Déploiement de l'archive [C:\JEE\serveurs\apache-tomcat-10.1.29\webapps\boutique.war] de l'application web
09-Oct-2024 15:06:15.178 INFO [Catalina-utility-1] org.apache.catalina.startup.HostConfig.deployWAR Le déploiement de l'archive de l'application web [C:\JEE\serveurs\apache-tomcat-10.1.29\webapps\boutique.war] s'est terminé en [228] ms
09-Oct-2024 15:07:45.410 INFO [Catalina-utility-1] org.apache.catalina.startup.HostConfig.undeploy Retrait de l'application web ayant pour chemin de contexte [/boutique]
09-Oct-2024 15:07:45.461 INFO [Catalina-utility-1] org.apache.catalina.startup.HostConfig.deployWAR Déploiement de l'archive [C:\JEE\serveurs\apache-tomcat-10.1.29\webapps\boutique.war] de l'application web
09-Oct-2024 15:07:45.586 INFO [Catalina-utility-1] org.apache.catalina.startup.HostConfig.deployWAR Le déploiement de l'archive de l'application web [C:\JEE\serveurs\apache-tomcat-10.1.29\webapps\boutique.war] s'est terminé en [125] ms
09-Oct-2024 15:08:35.675 INFO [Catalina-utility-2] org.apache.catalina.startup.HostConfig.undeploy Retrait de l'application web ayant pour chemin de contexte [/boutique]
09-Oct-2024 15:08:35.750 INFO [Catalina-utility-2] org.apache.catalina.startup.HostConfig.deployWAR Déploiement de l'archive [C:\JEE\serveurs\apache-tomcat-10.1.29\webapps\boutique.war] de l'application web
09-Oct-2024 15:08:35.870 INFO [Catalina-utility-2] org.apache.catalina.startup.HostConfig.deployWAR Le déploiement de l'archive de l'application web [C:\JEE\serveurs\apache-tomcat-10.1.29\webapps\boutique.war] s'est terminé en [120] ms
09-Oct-2024 15:11:16.301 INFO [Catalina-utility-2] org.apache.catalina.startup.HostConfig.undeploy Retrait de l'application web ayant pour chemin de contexte [/boutique]
09-Oct-2024 15:11:16.381 INFO [Catalina-utility-2] org.apache.catalina.startup.HostConfig.deployWAR Déploiement de l'archive [C:\JEE\serveurs\apache-tomcat-10.1.29\webapps\boutique.war] de l'application web
09-Oct-2024 15:11:16.551 INFO [Catalina-utility-2] org.apache.catalina.startup.HostConfig.deployWAR Le déploiement de l'archive de l'application web [C:\JEE\serveurs\apache-tomcat-10.1.29\webapps\boutique.war] s'est terminé en [174] ms
09-Oct-2024 15:23:50.449 INFO [Catalina-utility-1] org.apache.catalina.startup.HostConfig.undeploy Retrait de l'application web ayant pour chemin de contexte [/boutique]
09-Oct-2024 15:23:50.608 INFO [Catalina-utility-1] org.apache.catalina.startup.HostConfig.deployWAR Déploiement de l'archive [C:\JEE\serveurs\apache-tomcat-10.1.29\webapps\boutique.war] de l'application web
09-Oct-2024 15:23:50.843 INFO [Catalina-utility-1] org.apache.catalina.startup.HostConfig.deployWAR Le déploiement de l'archive de l'application web [C:\JEE\serveurs\apache-tomcat-10.1.29\webapps\boutique.war] s'est terminé en [236] ms
09-Oct-2024 15:26:51.260 INFO [Catalina-utility-1] org.apache.catalina.startup.HostConfig.undeploy Retrait de l'application web ayant pour chemin de contexte [/boutique]
09-Oct-2024 15:26:51.327 INFO [Catalina-utility-1] org.apache.catalina.startup.HostConfig.deployWAR Déploiement de l'archive [C:\JEE\serveurs\apache-tomcat-10.1.29\webapps\boutique.war] de l'application web
09-Oct-2024 15:26:51.470 INFO [Catalina-utility-1] org.apache.catalina.startup.HostConfig.deployWAR Le déploiement de l'archive de l'application web [C:\JEE\serveurs\apache-tomcat-10.1.29\webapps\boutique.war] s'est terminé en [143] ms
09-Oct-2024 15:51:31.574 INFO [main] org.apache.catalina.core.StandardServer.await Une commande d'arrêt valide a été reçue sur le port d'arrêt, arrêt de l'instance du serveur
09-Oct-2024 15:51:31.577 INFO [main] org.apache.coyote.AbstractProtocol.pause Le gestionnaire de protocole ["http-nio-8080"] est mis en pause
09-Oct-2024 15:51:32.032 INFO [main] org.apache.catalina.core.StandardService.stopInternal Arrêt du service [Catalina]
09-Oct-2024 15:51:32.084 INFO [main] org.apache.coyote.AbstractProtocol.stop Arrêt du gestionnaire de protocole ["http-nio-8080"]
09-Oct-2024 15:51:32.095 INFO [main] org.apache.coyote.AbstractProtocol.destroy Destruction du gestionnaire de protocole ["http-nio-8080"]
09-Oct-2024 16:00:16.191 INFO [main] org.apache.catalina.startup.VersionLoggerListener.log Nom version serveur :              Apache Tomcat/10.1.29
09-Oct-2024 16:00:16.197 INFO [main] org.apache.catalina.startup.VersionLoggerListener.log Serveur compilé :                  Sep 5 2024 14:23:34 UTC
09-Oct-2024 16:00:16.198 INFO [main] org.apache.catalina.startup.VersionLoggerListener.log Version du serveur :               10.1.29.0
09-Oct-2024 16:00:16.198 INFO [main] org.apache.catalina.startup.VersionLoggerListener.log Nom de l'OS :                      Windows 11
09-Oct-2024 16:00:16.198 INFO [main] org.apache.catalina.startup.VersionLoggerListener.log Version OS :                       10.0
09-Oct-2024 16:00:16.199 INFO [main] org.apache.catalina.startup.VersionLoggerListener.log Architecture :                     amd64
09-Oct-2024 16:00:16.199 INFO [main] org.apache.catalina.startup.VersionLoggerListener.log Java Home :                        C:\JEE\JDK\jdk-11.0.23
09-Oct-2024 16:00:16.199 INFO [main] org.apache.catalina.startup.VersionLoggerListener.log Version JVM :                      11.0.23+7-LTS-222
09-Oct-2024 16:00:16.199 INFO [main] org.apache.catalina.startup.VersionLoggerListener.log Fournisseur de la JVM :            Oracle Corporation
09-Oct-2024 16:00:16.199 INFO [main] org.apache.catalina.startup.VersionLoggerListener.log CATALINA_BASE :                    C:\JEE\serveurs\apache-tomcat-10.1.29
09-Oct-2024 16:00:16.199 INFO [main] org.apache.catalina.startup.VersionLoggerListener.log CATALINA_HOME :                    C:\JEE\serveurs\apache-tomcat-10.1.29
09-Oct-2024 16:00:16.570 INFO [main] org.apache.catalina.startup.VersionLoggerListener.log Argument de la ligne de commande : -Djava.util.logging.config.file=c:\JEE\serveurs\apache-tomcat-10.1.29/conf/logging.properties
09-Oct-2024 16:00:16.571 INFO [main] org.apache.catalina.startup.VersionLoggerListener.log Argument de la ligne de commande : -Djava.util.logging.manager=org.apache.juli.ClassLoaderLogManager
09-Oct-2024 16:00:16.571 INFO [main] org.apache.catalina.startup.VersionLoggerListener.log Argument de la ligne de commande : -Djdk.tls.ephemeralDHKeySize=2048
09-Oct-2024 16:00:16.571 INFO [main] org.apache.catalina.startup.VersionLoggerListener.log Argument de la ligne de commande : -Djava.protocol.handler.pkgs=org.apache.catalina.webresources
09-Oct-2024 16:00:16.571 INFO [main] org.apache.catalina.startup.VersionLoggerListener.log Argument de la ligne de commande : -Dorg.apache.catalina.security.SecurityListener.UMASK=0027
09-Oct-2024 16:00:16.572 INFO [main] org.apache.catalina.startup.VersionLoggerListener.log Argument de la ligne de commande : -Dcatalina.base=c:\JEE\serveurs\apache-tomcat-10.1.29
09-Oct-2024 16:00:16.572 INFO [main] org.apache.catalina.startup.VersionLoggerListener.log Argument de la ligne de commande : -Dcatalina.home=c:\JEE\serveurs\apache-tomcat-10.1.29
09-Oct-2024 16:00:16.572 INFO [main] org.apache.catalina.startup.VersionLoggerListener.log Argument de la ligne de commande : -Djava.io.tmpdir=c:\JEE\serveurs\apache-tomcat-10.1.29/temp
09-Oct-2024 16:00:16.594 INFO [main] org.apache.catalina.core.AprLifecycleListener.lifecycleEvent La librairie Apache Tomcat Native basée sur APR qui permet des performances optimales dans les environnements de production n'a pas été trouvée sur le java.library.path : [C:\JEE\JDK\jdk-11.0.23\bin;C:\WINDOWS\Sun\Java\bin;C:\WINDOWS\system32;C:\WINDOWS;C:\JEE\JDK\jdk-11.0.23\bin;C:\Program Files (x86)\VMware\VMware Player\bin\;C:\WINDOWS\system32;C:\WINDOWS;C:\WINDOWS\System32\Wbem;C:\WINDOWS\System32\WindowsPowerShell\v1.0\;C:\WINDOWS\System32\OpenSSH\;C:\PHP;C:\Program Files\Git\cmd;C:\MinGW\bin;C:\JEE\apache-maven-3.9.9\bin;C:\JEE\JDK\jdk-11.0.23\bin;C:\Users\robin\AppData\Local\Microsoft\WindowsApps;C:\Users\robin\AppData\Local\GitHubDesktop\bin;C:\Users\robin\AppData\Local\Programs\Microsoft VS Code\bin;;C:\Program Files\JetBrains\IntelliJ IDEA 2024.2.3\bin;;.]
09-Oct-2024 16:00:17.524 INFO [main] org.apache.coyote.AbstractProtocol.init Initialisation du gestionnaire de protocole ["http-nio-8080"]
09-Oct-2024 16:00:17.685 INFO [main] org.apache.catalina.startup.Catalina.load L'initialisation du serveur a pris [2294] millisecondes
09-Oct-2024 16:00:17.844 INFO [main] org.apache.catalina.core.StandardService.startInternal Démarrage du service [Catalina]
09-Oct-2024 16:00:17.846 INFO [main] org.apache.catalina.core.StandardEngine.startInternal Démarrage du moteur de Servlets : [Apache Tomcat/10.1.29]
09-Oct-2024 16:00:17.925 INFO [main] org.apache.catalina.startup.HostConfig.deployWAR Déploiement de l'archive [C:\JEE\serveurs\apache-tomcat-10.1.29\webapps\boutique.war] de l'application web
09-Oct-2024 16:00:19.631 WARNING [main] org.apache.catalina.util.SessionIdGeneratorBase.createSecureRandom La création de l'instance de SecureRandom pour le générateur d'id de session en utilisant [SHA1PRNG] a pris [475] millisecondes
09-Oct-2024 16:00:19.767 INFO [main] org.apache.catalina.startup.HostConfig.deployWAR Le déploiement de l'archive de l'application web [C:\JEE\serveurs\apache-tomcat-10.1.29\webapps\boutique.war] s'est terminé en [1 845] ms
09-Oct-2024 16:00:19.782 INFO [main] org.apache.catalina.startup.HostConfig.deployWAR Déploiement de l'archive [C:\JEE\serveurs\apache-tomcat-10.1.29\webapps\td1.war] de l'application web
09-Oct-2024 16:00:19.985 INFO [main] org.apache.catalina.startup.HostConfig.deployWAR Le déploiement de l'archive de l'application web [C:\JEE\serveurs\apache-tomcat-10.1.29\webapps\td1.war] s'est terminé en [203] ms
09-Oct-2024 16:00:20.040 INFO [main] org.apache.catalina.startup.HostConfig.deployWAR Déploiement de l'archive [C:\JEE\serveurs\apache-tomcat-10.1.29\webapps\td2.war] de l'application web
09-Oct-2024 16:00:20.291 INFO [main] org.apache.catalina.startup.HostConfig.deployWAR Le déploiement de l'archive de l'application web [C:\JEE\serveurs\apache-tomcat-10.1.29\webapps\td2.war] s'est terminé en [251] ms
09-Oct-2024 16:00:20.312 INFO [main] org.apache.catalina.startup.HostConfig.deployWAR Déploiement de l'archive [C:\JEE\serveurs\apache-tomcat-10.1.29\webapps\td3.war] de l'application web
09-Oct-2024 16:00:20.573 INFO [main] org.apache.catalina.startup.HostConfig.deployWAR Le déploiement de l'archive de l'application web [C:\JEE\serveurs\apache-tomcat-10.1.29\webapps\td3.war] s'est terminé en [261] ms
09-Oct-2024 16:00:20.578 INFO [main] org.apache.catalina.startup.HostConfig.deployDirectory Déploiement du répertoire d'application web [C:\JEE\serveurs\apache-tomcat-10.1.29\webapps\docs]
09-Oct-2024 16:00:20.683 INFO [main] org.apache.catalina.startup.HostConfig.deployDirectory Le déploiement du répertoire [C:\JEE\serveurs\apache-tomcat-10.1.29\webapps\docs] de l'application web s'est terminé en [103] ms
09-Oct-2024 16:00:20.684 INFO [main] org.apache.catalina.startup.HostConfig.deployDirectory Déploiement du répertoire d'application web [C:\JEE\serveurs\apache-tomcat-10.1.29\webapps\examples]
09-Oct-2024 16:00:23.029 INFO [main] org.apache.catalina.startup.HostConfig.deployDirectory Le déploiement du répertoire [C:\JEE\serveurs\apache-tomcat-10.1.29\webapps\examples] de l'application web s'est terminé en [2 346] ms
09-Oct-2024 16:00:23.032 INFO [main] org.apache.catalina.startup.HostConfig.deployDirectory Déploiement du répertoire d'application web [C:\JEE\serveurs\apache-tomcat-10.1.29\webapps\host-manager]
09-Oct-2024 16:00:23.386 INFO [main] org.apache.catalina.startup.HostConfig.deployDirectory Le déploiement du répertoire [C:\JEE\serveurs\apache-tomcat-10.1.29\webapps\host-manager] de l'application web s'est terminé en [354] ms
09-Oct-2024 16:00:23.392 INFO [main] org.apache.catalina.startup.HostConfig.deployDirectory Déploiement du répertoire d'application web [C:\JEE\serveurs\apache-tomcat-10.1.29\webapps\manager]
09-Oct-2024 16:00:23.706 INFO [main] org.apache.catalina.startup.HostConfig.deployDirectory Le déploiement du répertoire [C:\JEE\serveurs\apache-tomcat-10.1.29\webapps\manager] de l'application web s'est terminé en [313] ms
09-Oct-2024 16:00:23.708 INFO [main] org.apache.catalina.startup.HostConfig.deployDirectory Déploiement du répertoire d'application web [C:\JEE\serveurs\apache-tomcat-10.1.29\webapps\ROOT]
09-Oct-2024 16:00:23.807 INFO [main] org.apache.catalina.startup.HostConfig.deployDirectory Le déploiement du répertoire [C:\JEE\serveurs\apache-tomcat-10.1.29\webapps\ROOT] de l'application web s'est terminé en [101] ms
09-Oct-2024 16:00:23.824 INFO [main] org.apache.coyote.AbstractProtocol.start Démarrage du gestionnaire de protocole ["http-nio-8080"]
09-Oct-2024 16:00:24.835 INFO [main] org.apache.catalina.startup.Catalina.start Le démarrage du serveur a pris [7157] millisecondes
09-Oct-2024 16:06:20.369 INFO [main] org.apache.catalina.core.StandardServer.await Une commande d'arrêt valide a été reçue sur le port d'arrêt, arrêt de l'instance du serveur
09-Oct-2024 16:06:20.369 INFO [main] org.apache.coyote.AbstractProtocol.pause Le gestionnaire de protocole ["http-nio-8080"] est mis en pause
09-Oct-2024 16:06:20.808 INFO [main] org.apache.catalina.core.StandardService.stopInternal Arrêt du service [Catalina]
09-Oct-2024 16:06:20.847 INFO [main] org.apache.coyote.AbstractProtocol.stop Arrêt du gestionnaire de protocole ["http-nio-8080"]
09-Oct-2024 16:06:20.856 INFO [main] org.apache.coyote.AbstractProtocol.destroy Destruction du gestionnaire de protocole ["http-nio-8080"]
09-Oct-2024 17:44:52.700 INFO [main] org.apache.catalina.startup.VersionLoggerListener.log Nom version serveur :              Apache Tomcat/10.1.29
09-Oct-2024 17:44:52.714 INFO [main] org.apache.catalina.startup.VersionLoggerListener.log Serveur compilé :                  Sep 5 2024 14:23:34 UTC
09-Oct-2024 17:44:52.716 INFO [main] org.apache.catalina.startup.VersionLoggerListener.log Version du serveur :               10.1.29.0
09-Oct-2024 17:44:52.716 INFO [main] org.apache.catalina.startup.VersionLoggerListener.log Nom de l'OS :                      Windows 11
09-Oct-2024 17:44:52.716 INFO [main] org.apache.catalina.startup.VersionLoggerListener.log Version OS :                       10.0
09-Oct-2024 17:44:52.716 INFO [main] org.apache.catalina.startup.VersionLoggerListener.log Architecture :                     amd64
09-Oct-2024 17:44:52.716 INFO [main] org.apache.catalina.startup.VersionLoggerListener.log Java Home :                        C:\JEE\JDK\jdk-11.0.23
09-Oct-2024 17:44:52.716 INFO [main] org.apache.catalina.startup.VersionLoggerListener.log Version JVM :                      11.0.23+7-LTS-222
09-Oct-2024 17:44:52.717 INFO [main] org.apache.catalina.startup.VersionLoggerListener.log Fournisseur de la JVM :            Oracle Corporation
09-Oct-2024 17:44:52.717 INFO [main] org.apache.catalina.startup.VersionLoggerListener.log CATALINA_BASE :                    C:\JEE\serveurs\apache-tomcat-10.1.29
09-Oct-2024 17:44:52.717 INFO [main] org.apache.catalina.startup.VersionLoggerListener.log CATALINA_HOME :                    C:\JEE\serveurs\apache-tomcat-10.1.29
09-Oct-2024 17:44:52.738 INFO [main] org.apache.catalina.startup.VersionLoggerListener.log Argument de la ligne de commande : -Djava.util.logging.config.file=c:\JEE\serveurs\apache-tomcat-10.1.29/conf/logging.properties
09-Oct-2024 17:44:52.738 INFO [main] org.apache.catalina.startup.VersionLoggerListener.log Argument de la ligne de commande : -Djava.util.logging.manager=org.apache.juli.ClassLoaderLogManager
09-Oct-2024 17:44:52.739 INFO [main] org.apache.catalina.startup.VersionLoggerListener.log Argument de la ligne de commande : -Djdk.tls.ephemeralDHKeySize=2048
09-Oct-2024 17:44:52.739 INFO [main] org.apache.catalina.startup.VersionLoggerListener.log Argument de la ligne de commande : -Djava.protocol.handler.pkgs=org.apache.catalina.webresources
09-Oct-2024 17:44:52.739 INFO [main] org.apache.catalina.startup.VersionLoggerListener.log Argument de la ligne de commande : -Dorg.apache.catalina.security.SecurityListener.UMASK=0027
09-Oct-2024 17:44:52.739 INFO [main] org.apache.catalina.startup.VersionLoggerListener.log Argument de la ligne de commande : -Dcatalina.base=c:\JEE\serveurs\apache-tomcat-10.1.29
09-Oct-2024 17:44:52.739 INFO [main] org.apache.catalina.startup.VersionLoggerListener.log Argument de la ligne de commande : -Dcatalina.home=c:\JEE\serveurs\apache-tomcat-10.1.29
09-Oct-2024 17:44:52.739 INFO [main] org.apache.catalina.startup.VersionLoggerListener.log Argument de la ligne de commande : -Djava.io.tmpdir=c:\JEE\serveurs\apache-tomcat-10.1.29/temp
09-Oct-2024 17:44:52.751 INFO [main] org.apache.catalina.core.AprLifecycleListener.lifecycleEvent La librairie Apache Tomcat Native basée sur APR qui permet des performances optimales dans les environnements de production n'a pas été trouvée sur le java.library.path : [C:\JEE\JDK\jdk-11.0.23\bin;C:\WINDOWS\Sun\Java\bin;C:\WINDOWS\system32;C:\WINDOWS;C:\JEE\JDK\jdk-11.0.23\bin;C:\Program Files (x86)\VMware\VMware Player\bin\;C:\WINDOWS\system32;C:\WINDOWS;C:\WINDOWS\System32\Wbem;C:\WINDOWS\System32\WindowsPowerShell\v1.0\;C:\WINDOWS\System32\OpenSSH\;C:\PHP;C:\Program Files\Git\cmd;C:\MinGW\bin;C:\JEE\apache-maven-3.9.9\bin;C:\JEE\JDK\jdk-11.0.23\bin;C:\Users\robin\AppData\Local\Microsoft\WindowsApps;C:\Users\robin\AppData\Local\GitHubDesktop\bin;C:\Users\robin\AppData\Local\Programs\Microsoft VS Code\bin;;C:\Program Files\JetBrains\IntelliJ IDEA 2024.2.3\bin;;.]
09-Oct-2024 17:44:53.040 INFO [main] org.apache.coyote.AbstractProtocol.init Initialisation du gestionnaire de protocole ["http-nio-8080"]
09-Oct-2024 17:44:53.106 INFO [main] org.apache.catalina.startup.Catalina.load L'initialisation du serveur a pris [647] millisecondes
09-Oct-2024 17:44:53.172 INFO [main] org.apache.catalina.core.StandardService.startInternal Démarrage du service [Catalina]
09-Oct-2024 17:44:53.173 INFO [main] org.apache.catalina.core.StandardEngine.startInternal Démarrage du moteur de Servlets : [Apache Tomcat/10.1.29]
09-Oct-2024 17:44:53.214 INFO [main] org.apache.catalina.startup.HostConfig.deployWAR Déploiement de l'archive [C:\JEE\serveurs\apache-tomcat-10.1.29\webapps\boutique.war] de l'application web
09-Oct-2024 17:44:53.866 WARNING [main] org.apache.catalina.util.SessionIdGeneratorBase.createSecureRandom La création de l'instance de SecureRandom pour le générateur d'id de session en utilisant [SHA1PRNG] a pris [206] millisecondes
09-Oct-2024 17:44:53.902 INFO [main] org.apache.catalina.startup.HostConfig.deployWAR Le déploiement de l'archive de l'application web [C:\JEE\serveurs\apache-tomcat-10.1.29\webapps\boutique.war] s'est terminé en [688] ms
09-Oct-2024 17:44:53.910 INFO [main] org.apache.catalina.startup.HostConfig.deployWAR Déploiement de l'archive [C:\JEE\serveurs\apache-tomcat-10.1.29\webapps\gestionnotes.war] de l'application web
09-Oct-2024 17:44:54.013 INFO [main] org.apache.catalina.startup.HostConfig.deployWAR Le déploiement de l'archive de l'application web [C:\JEE\serveurs\apache-tomcat-10.1.29\webapps\gestionnotes.war] s'est terminé en [104] ms
09-Oct-2024 17:44:54.022 INFO [main] org.apache.catalina.startup.HostConfig.deployWAR Déploiement de l'archive [C:\JEE\serveurs\apache-tomcat-10.1.29\webapps\td1.war] de l'application web
09-Oct-2024 17:44:54.087 INFO [main] org.apache.catalina.startup.HostConfig.deployWAR Le déploiement de l'archive de l'application web [C:\JEE\serveurs\apache-tomcat-10.1.29\webapps\td1.war] s'est terminé en [65] ms
09-Oct-2024 17:44:54.097 INFO [main] org.apache.catalina.startup.HostConfig.deployWAR Déploiement de l'archive [C:\JEE\serveurs\apache-tomcat-10.1.29\webapps\td2.war] de l'application web
09-Oct-2024 17:44:54.200 INFO [main] org.apache.catalina.startup.HostConfig.deployWAR Le déploiement de l'archive de l'application web [C:\JEE\serveurs\apache-tomcat-10.1.29\webapps\td2.war] s'est terminé en [103] ms
09-Oct-2024 17:44:54.209 INFO [main] org.apache.catalina.startup.HostConfig.deployWAR Déploiement de l'archive [C:\JEE\serveurs\apache-tomcat-10.1.29\webapps\td3.war] de l'application web
09-Oct-2024 17:44:54.285 INFO [main] org.apache.catalina.startup.HostConfig.deployWAR Le déploiement de l'archive de l'application web [C:\JEE\serveurs\apache-tomcat-10.1.29\webapps\td3.war] s'est terminé en [76] ms
09-Oct-2024 17:44:54.285 INFO [main] org.apache.catalina.startup.HostConfig.deployDirectory Déploiement du répertoire d'application web [C:\JEE\serveurs\apache-tomcat-10.1.29\webapps\docs]
09-Oct-2024 17:44:54.334 INFO [main] org.apache.catalina.startup.HostConfig.deployDirectory Le déploiement du répertoire [C:\JEE\serveurs\apache-tomcat-10.1.29\webapps\docs] de l'application web s'est terminé en [49] ms
09-Oct-2024 17:44:54.334 INFO [main] org.apache.catalina.startup.HostConfig.deployDirectory Déploiement du répertoire d'application web [C:\JEE\serveurs\apache-tomcat-10.1.29\webapps\examples]
09-Oct-2024 17:44:54.960 INFO [main] org.apache.catalina.startup.HostConfig.deployDirectory Le déploiement du répertoire [C:\JEE\serveurs\apache-tomcat-10.1.29\webapps\examples] de l'application web s'est terminé en [626] ms
09-Oct-2024 17:44:54.960 INFO [main] org.apache.catalina.startup.HostConfig.deployDirectory Déploiement du répertoire d'application web [C:\JEE\serveurs\apache-tomcat-10.1.29\webapps\host-manager]
09-Oct-2024 17:44:55.067 INFO [main] org.apache.catalina.startup.HostConfig.deployDirectory Le déploiement du répertoire [C:\JEE\serveurs\apache-tomcat-10.1.29\webapps\host-manager] de l'application web s'est terminé en [107] ms
09-Oct-2024 17:44:55.067 INFO [main] org.apache.catalina.startup.HostConfig.deployDirectory Déploiement du répertoire d'application web [C:\JEE\serveurs\apache-tomcat-10.1.29\webapps\manager]
09-Oct-2024 17:44:55.115 INFO [main] org.apache.catalina.startup.HostConfig.deployDirectory Le déploiement du répertoire [C:\JEE\serveurs\apache-tomcat-10.1.29\webapps\manager] de l'application web s'est terminé en [48] ms
09-Oct-2024 17:44:55.115 INFO [main] org.apache.catalina.startup.HostConfig.deployDirectory Déploiement du répertoire d'application web [C:\JEE\serveurs\apache-tomcat-10.1.29\webapps\ROOT]
09-Oct-2024 17:44:55.149 INFO [main] org.apache.catalina.startup.HostConfig.deployDirectory Le déploiement du répertoire [C:\JEE\serveurs\apache-tomcat-10.1.29\webapps\ROOT] de l'application web s'est terminé en [34] ms
09-Oct-2024 17:44:55.156 INFO [main] org.apache.coyote.AbstractProtocol.start Démarrage du gestionnaire de protocole ["http-nio-8080"]
09-Oct-2024 17:44:55.381 INFO [main] org.apache.catalina.startup.Catalina.start Le démarrage du serveur a pris [2273] millisecondes
09-Oct-2024 17:48:20.111 INFO [main] org.apache.catalina.core.StandardServer.await Une commande d'arrêt valide a été reçue sur le port d'arrêt, arrêt de l'instance du serveur
09-Oct-2024 17:48:20.112 INFO [main] org.apache.coyote.AbstractProtocol.pause Le gestionnaire de protocole ["http-nio-8080"] est mis en pause
09-Oct-2024 17:48:20.510 INFO [main] org.apache.catalina.core.StandardService.stopInternal Arrêt du service [Catalina]
09-Oct-2024 17:48:20.537 INFO [main] org.apache.coyote.AbstractProtocol.stop Arrêt du gestionnaire de protocole ["http-nio-8080"]
09-Oct-2024 17:48:20.552 INFO [main] org.apache.coyote.AbstractProtocol.destroy Destruction du gestionnaire de protocole ["http-nio-8080"]
