17-Oct-2024 23:52:07.050 INFO [main] org.apache.catalina.startup.VersionLoggerListener.log Nom version serveur :              Apache Tomcat/10.1.29
17-Oct-2024 23:52:07.056 INFO [main] org.apache.catalina.startup.VersionLoggerListener.log Serveur compilé :                  Sep 5 2024 14:23:34 UTC
17-Oct-2024 23:52:07.056 INFO [main] org.apache.catalina.startup.VersionLoggerListener.log Version du serveur :               10.1.29.0
17-Oct-2024 23:52:07.056 INFO [main] org.apache.catalina.startup.VersionLoggerListener.log Nom de l'OS :                      Windows 11
17-Oct-2024 23:52:07.057 INFO [main] org.apache.catalina.startup.VersionLoggerListener.log Version OS :                       10.0
17-Oct-2024 23:52:07.057 INFO [main] org.apache.catalina.startup.VersionLoggerListener.log Architecture :                     amd64
17-Oct-2024 23:52:07.057 INFO [main] org.apache.catalina.startup.VersionLoggerListener.log Java Home :                        C:\JEE\JDK\jdk-11.0.23
17-Oct-2024 23:52:07.057 INFO [main] org.apache.catalina.startup.VersionLoggerListener.log Version JVM :                      11.0.23+7-LTS-222
17-Oct-2024 23:52:07.057 INFO [main] org.apache.catalina.startup.VersionLoggerListener.log Fournisseur de la JVM :            Oracle Corporation
17-Oct-2024 23:52:07.057 INFO [main] org.apache.catalina.startup.VersionLoggerListener.log CATALINA_BASE :                    C:\JEE\serveurs\apache-tomcat-10.1.29
17-Oct-2024 23:52:07.057 INFO [main] org.apache.catalina.startup.VersionLoggerListener.log CATALINA_HOME :                    C:\JEE\serveurs\apache-tomcat-10.1.29
17-Oct-2024 23:52:07.079 INFO [main] org.apache.catalina.startup.VersionLoggerListener.log Argument de la ligne de commande : -Djava.util.logging.config.file=c:\JEE\serveurs\apache-tomcat-10.1.29/conf/logging.properties
17-Oct-2024 23:52:07.079 INFO [main] org.apache.catalina.startup.VersionLoggerListener.log Argument de la ligne de commande : -Djava.util.logging.manager=org.apache.juli.ClassLoaderLogManager
17-Oct-2024 23:52:07.079 INFO [main] org.apache.catalina.startup.VersionLoggerListener.log Argument de la ligne de commande : -Djdk.tls.ephemeralDHKeySize=2048
17-Oct-2024 23:52:07.079 INFO [main] org.apache.catalina.startup.VersionLoggerListener.log Argument de la ligne de commande : -Djava.protocol.handler.pkgs=org.apache.catalina.webresources
17-Oct-2024 23:52:07.081 INFO [main] org.apache.catalina.startup.VersionLoggerListener.log Argument de la ligne de commande : -Dorg.apache.catalina.security.SecurityListener.UMASK=0027
17-Oct-2024 23:52:07.081 INFO [main] org.apache.catalina.startup.VersionLoggerListener.log Argument de la ligne de commande : -Dcatalina.base=c:\JEE\serveurs\apache-tomcat-10.1.29
17-Oct-2024 23:52:07.081 INFO [main] org.apache.catalina.startup.VersionLoggerListener.log Argument de la ligne de commande : -Dcatalina.home=c:\JEE\serveurs\apache-tomcat-10.1.29
17-Oct-2024 23:52:07.081 INFO [main] org.apache.catalina.startup.VersionLoggerListener.log Argument de la ligne de commande : -Djava.io.tmpdir=c:\JEE\serveurs\apache-tomcat-10.1.29/temp
17-Oct-2024 23:52:07.095 INFO [main] org.apache.catalina.core.AprLifecycleListener.lifecycleEvent La librairie Apache Tomcat Native basée sur APR qui permet des performances optimales dans les environnements de production n'a pas été trouvée sur le java.library.path : [C:\JEE\JDK\jdk-11.0.23\bin;C:\WINDOWS\Sun\Java\bin;C:\WINDOWS\system32;C:\WINDOWS;C:\JEE\JDK\jdk-11.0.23\bin;C:\Program Files (x86)\VMware\VMware Player\bin\;C:\WINDOWS\system32;C:\WINDOWS;C:\WINDOWS\System32\Wbem;C:\WINDOWS\System32\WindowsPowerShell\v1.0\;C:\WINDOWS\System32\OpenSSH\;C:\PHP;C:\Program Files\Git\cmd;C:\MinGW\bin;C:\JEE\apache-maven-3.9.9\bin;C:\JEE\JDK\jdk-11.0.23\bin;C:\Users\robin\AppData\Local\Microsoft\WindowsApps;C:\Users\robin\AppData\Local\GitHubDesktop\bin;C:\Users\robin\AppData\Local\Programs\Microsoft VS Code\bin;;C:\Program Files\JetBrains\IntelliJ IDEA 2024.2.3\bin;;.]
17-Oct-2024 23:52:07.406 INFO [main] org.apache.coyote.AbstractProtocol.init Initialisation du gestionnaire de protocole ["http-nio-8080"]
17-Oct-2024 23:52:07.526 INFO [main] org.apache.catalina.startup.Catalina.load L'initialisation du serveur a pris [826] millisecondes
17-Oct-2024 23:52:07.587 INFO [main] org.apache.catalina.core.StandardService.startInternal Démarrage du service [Catalina]
17-Oct-2024 23:52:07.587 INFO [main] org.apache.catalina.core.StandardEngine.startInternal Démarrage du moteur de Servlets : [Apache Tomcat/10.1.29]
17-Oct-2024 23:52:07.618 INFO [main] org.apache.catalina.startup.HostConfig.deployWAR Déploiement de l'archive [C:\JEE\serveurs\apache-tomcat-10.1.29\webapps\boutique.war] de l'application web
17-Oct-2024 23:52:08.276 WARNING [main] org.apache.catalina.util.SessionIdGeneratorBase.createSecureRandom La création de l'instance de SecureRandom pour le générateur d'id de session en utilisant [SHA1PRNG] a pris [209] millisecondes
17-Oct-2024 23:52:08.313 INFO [main] org.apache.catalina.startup.HostConfig.deployWAR Le déploiement de l'archive de l'application web [C:\JEE\serveurs\apache-tomcat-10.1.29\webapps\boutique.war] s'est terminé en [695] ms
17-Oct-2024 23:52:08.327 INFO [main] org.apache.catalina.startup.HostConfig.deployWAR Déploiement de l'archive [C:\JEE\serveurs\apache-tomcat-10.1.29\webapps\gestionnotes.war] de l'application web
17-Oct-2024 23:52:09.914 INFO [main] org.apache.jasper.servlet.TldScanner.scanJars Au moins un fichier JAR a été analysé pour trouver des TLDs mais il n'en contenait pas, le mode "debug" du journal peut être activé pour obtenir une liste complète de JAR scannés sans succès ; éviter d'analyser des JARs inutilement peut améliorer sensiblement le temps de démarrage et le temps de compilation des JSPs
17-Oct-2024 23:52:09.951 INFO [main] org.apache.catalina.startup.HostConfig.deployWAR Le déploiement de l'archive de l'application web [C:\JEE\serveurs\apache-tomcat-10.1.29\webapps\gestionnotes.war] s'est terminé en [1 624] ms
17-Oct-2024 23:52:09.968 INFO [main] org.apache.catalina.startup.HostConfig.deployWAR Déploiement de l'archive [C:\JEE\serveurs\apache-tomcat-10.1.29\webapps\gestionnotes_v2-1.0-SNAPSHOT.war] de l'application web
17-Oct-2024 23:52:10.189 INFO [main] org.apache.catalina.startup.HostConfig.deployWAR Le déploiement de l'archive de l'application web [C:\JEE\serveurs\apache-tomcat-10.1.29\webapps\gestionnotes_v2-1.0-SNAPSHOT.war] s'est terminé en [222] ms
17-Oct-2024 23:52:10.202 INFO [main] org.apache.catalina.startup.HostConfig.deployWAR Déploiement de l'archive [C:\JEE\serveurs\apache-tomcat-10.1.29\webapps\gestionnotes_V2.war] de l'application web
17-Oct-2024 23:52:11.611 INFO [main] org.apache.jasper.servlet.TldScanner.scanJars Au moins un fichier JAR a été analysé pour trouver des TLDs mais il n'en contenait pas, le mode "debug" du journal peut être activé pour obtenir une liste complète de JAR scannés sans succès ; éviter d'analyser des JARs inutilement peut améliorer sensiblement le temps de démarrage et le temps de compilation des JSPs
17-Oct-2024 23:52:11.654 INFO [main] org.apache.catalina.startup.HostConfig.deployWAR Le déploiement de l'archive de l'application web [C:\JEE\serveurs\apache-tomcat-10.1.29\webapps\gestionnotes_V2.war] s'est terminé en [1 452] ms
17-Oct-2024 23:52:11.669 INFO [main] org.apache.catalina.startup.HostConfig.deployWAR Déploiement de l'archive [C:\JEE\serveurs\apache-tomcat-10.1.29\webapps\td1.war] de l'application web
17-Oct-2024 23:52:11.733 INFO [main] org.apache.catalina.startup.HostConfig.deployWAR Le déploiement de l'archive de l'application web [C:\JEE\serveurs\apache-tomcat-10.1.29\webapps\td1.war] s'est terminé en [64] ms
17-Oct-2024 23:52:11.743 INFO [main] org.apache.catalina.startup.HostConfig.deployWAR Déploiement de l'archive [C:\JEE\serveurs\apache-tomcat-10.1.29\webapps\td2.war] de l'application web
17-Oct-2024 23:52:11.826 INFO [main] org.apache.catalina.startup.HostConfig.deployWAR Le déploiement de l'archive de l'application web [C:\JEE\serveurs\apache-tomcat-10.1.29\webapps\td2.war] s'est terminé en [83] ms
17-Oct-2024 23:52:11.835 INFO [main] org.apache.catalina.startup.HostConfig.deployWAR Déploiement de l'archive [C:\JEE\serveurs\apache-tomcat-10.1.29\webapps\td3.war] de l'application web
17-Oct-2024 23:52:11.905 INFO [main] org.apache.catalina.startup.HostConfig.deployWAR Le déploiement de l'archive de l'application web [C:\JEE\serveurs\apache-tomcat-10.1.29\webapps\td3.war] s'est terminé en [70] ms
17-Oct-2024 23:52:11.906 INFO [main] org.apache.catalina.startup.HostConfig.deployDirectory Déploiement du répertoire d'application web [C:\JEE\serveurs\apache-tomcat-10.1.29\webapps\docs]
17-Oct-2024 23:52:11.948 INFO [main] org.apache.catalina.startup.HostConfig.deployDirectory Le déploiement du répertoire [C:\JEE\serveurs\apache-tomcat-10.1.29\webapps\docs] de l'application web s'est terminé en [42] ms
17-Oct-2024 23:52:11.949 INFO [main] org.apache.catalina.startup.HostConfig.deployDirectory Déploiement du répertoire d'application web [C:\JEE\serveurs\apache-tomcat-10.1.29\webapps\examples]
17-Oct-2024 23:52:12.399 INFO [main] org.apache.catalina.startup.HostConfig.deployDirectory Le déploiement du répertoire [C:\JEE\serveurs\apache-tomcat-10.1.29\webapps\examples] de l'application web s'est terminé en [449] ms
17-Oct-2024 23:52:12.399 INFO [main] org.apache.catalina.startup.HostConfig.deployDirectory Déploiement du répertoire d'application web [C:\JEE\serveurs\apache-tomcat-10.1.29\webapps\host-manager]
17-Oct-2024 23:52:12.444 INFO [main] org.apache.catalina.startup.HostConfig.deployDirectory Le déploiement du répertoire [C:\JEE\serveurs\apache-tomcat-10.1.29\webapps\host-manager] de l'application web s'est terminé en [45] ms
17-Oct-2024 23:52:12.444 INFO [main] org.apache.catalina.startup.HostConfig.deployDirectory Déploiement du répertoire d'application web [C:\JEE\serveurs\apache-tomcat-10.1.29\webapps\manager]
17-Oct-2024 23:52:12.479 INFO [main] org.apache.catalina.startup.HostConfig.deployDirectory Le déploiement du répertoire [C:\JEE\serveurs\apache-tomcat-10.1.29\webapps\manager] de l'application web s'est terminé en [35] ms
17-Oct-2024 23:52:12.479 INFO [main] org.apache.catalina.startup.HostConfig.deployDirectory Déploiement du répertoire d'application web [C:\JEE\serveurs\apache-tomcat-10.1.29\webapps\ROOT]
17-Oct-2024 23:52:12.512 INFO [main] org.apache.catalina.startup.HostConfig.deployDirectory Le déploiement du répertoire [C:\JEE\serveurs\apache-tomcat-10.1.29\webapps\ROOT] de l'application web s'est terminé en [33] ms
17-Oct-2024 23:52:12.520 INFO [main] org.apache.coyote.AbstractProtocol.start Démarrage du gestionnaire de protocole ["http-nio-8080"]
17-Oct-2024 23:52:12.741 INFO [main] org.apache.catalina.startup.Catalina.start Le démarrage du serveur a pris [5214] millisecondes
17-Oct-2024 23:52:20.676 INFO [main] org.apache.catalina.core.StandardServer.await Une commande d'arrêt valide a été reçue sur le port d'arrêt, arrêt de l'instance du serveur
17-Oct-2024 23:52:20.676 INFO [main] org.apache.coyote.AbstractProtocol.pause Le gestionnaire de protocole ["http-nio-8080"] est mis en pause
17-Oct-2024 23:52:21.005 INFO [main] org.apache.catalina.core.StandardService.stopInternal Arrêt du service [Catalina]
17-Oct-2024 23:52:21.051 INFO [main] org.apache.coyote.AbstractProtocol.stop Arrêt du gestionnaire de protocole ["http-nio-8080"]
17-Oct-2024 23:52:21.071 INFO [main] org.apache.coyote.AbstractProtocol.destroy Destruction du gestionnaire de protocole ["http-nio-8080"]
17-Oct-2024 23:52:45.789 INFO [main] org.apache.catalina.startup.VersionLoggerListener.log Nom version serveur :              Apache Tomcat/10.1.29
17-Oct-2024 23:52:45.794 INFO [main] org.apache.catalina.startup.VersionLoggerListener.log Serveur compilé :                  Sep 5 2024 14:23:34 UTC
17-Oct-2024 23:52:45.794 INFO [main] org.apache.catalina.startup.VersionLoggerListener.log Version du serveur :               10.1.29.0
17-Oct-2024 23:52:45.795 INFO [main] org.apache.catalina.startup.VersionLoggerListener.log Nom de l'OS :                      Windows 11
17-Oct-2024 23:52:45.796 INFO [main] org.apache.catalina.startup.VersionLoggerListener.log Version OS :                       10.0
17-Oct-2024 23:52:45.796 INFO [main] org.apache.catalina.startup.VersionLoggerListener.log Architecture :                     amd64
17-Oct-2024 23:52:45.797 INFO [main] org.apache.catalina.startup.VersionLoggerListener.log Java Home :                        C:\JEE\JDK\jdk-11.0.23
17-Oct-2024 23:52:45.797 INFO [main] org.apache.catalina.startup.VersionLoggerListener.log Version JVM :                      11.0.23+7-LTS-222
17-Oct-2024 23:52:45.797 INFO [main] org.apache.catalina.startup.VersionLoggerListener.log Fournisseur de la JVM :            Oracle Corporation
17-Oct-2024 23:52:45.797 INFO [main] org.apache.catalina.startup.VersionLoggerListener.log CATALINA_BASE :                    C:\JEE\serveurs\apache-tomcat-10.1.29
17-Oct-2024 23:52:45.797 INFO [main] org.apache.catalina.startup.VersionLoggerListener.log CATALINA_HOME :                    C:\JEE\serveurs\apache-tomcat-10.1.29
17-Oct-2024 23:52:45.817 INFO [main] org.apache.catalina.startup.VersionLoggerListener.log Argument de la ligne de commande : -Djava.util.logging.config.file=c:\JEE\serveurs\apache-tomcat-10.1.29/conf/logging.properties
17-Oct-2024 23:52:45.817 INFO [main] org.apache.catalina.startup.VersionLoggerListener.log Argument de la ligne de commande : -Djava.util.logging.manager=org.apache.juli.ClassLoaderLogManager
17-Oct-2024 23:52:45.819 INFO [main] org.apache.catalina.startup.VersionLoggerListener.log Argument de la ligne de commande : -Djdk.tls.ephemeralDHKeySize=2048
17-Oct-2024 23:52:45.819 INFO [main] org.apache.catalina.startup.VersionLoggerListener.log Argument de la ligne de commande : -Djava.protocol.handler.pkgs=org.apache.catalina.webresources
17-Oct-2024 23:52:45.819 INFO [main] org.apache.catalina.startup.VersionLoggerListener.log Argument de la ligne de commande : -Dorg.apache.catalina.security.SecurityListener.UMASK=0027
17-Oct-2024 23:52:45.819 INFO [main] org.apache.catalina.startup.VersionLoggerListener.log Argument de la ligne de commande : -Dcatalina.base=c:\JEE\serveurs\apache-tomcat-10.1.29
17-Oct-2024 23:52:45.819 INFO [main] org.apache.catalina.startup.VersionLoggerListener.log Argument de la ligne de commande : -Dcatalina.home=c:\JEE\serveurs\apache-tomcat-10.1.29
17-Oct-2024 23:52:45.819 INFO [main] org.apache.catalina.startup.VersionLoggerListener.log Argument de la ligne de commande : -Djava.io.tmpdir=c:\JEE\serveurs\apache-tomcat-10.1.29/temp
17-Oct-2024 23:52:45.832 INFO [main] org.apache.catalina.core.AprLifecycleListener.lifecycleEvent La librairie Apache Tomcat Native basée sur APR qui permet des performances optimales dans les environnements de production n'a pas été trouvée sur le java.library.path : [C:\JEE\JDK\jdk-11.0.23\bin;C:\WINDOWS\Sun\Java\bin;C:\WINDOWS\system32;C:\WINDOWS;C:\JEE\JDK\jdk-11.0.23\bin;C:\Program Files (x86)\VMware\VMware Player\bin\;C:\WINDOWS\system32;C:\WINDOWS;C:\WINDOWS\System32\Wbem;C:\WINDOWS\System32\WindowsPowerShell\v1.0\;C:\WINDOWS\System32\OpenSSH\;C:\PHP;C:\Program Files\Git\cmd;C:\MinGW\bin;C:\JEE\apache-maven-3.9.9\bin;C:\JEE\JDK\jdk-11.0.23\bin;C:\Users\robin\AppData\Local\Microsoft\WindowsApps;C:\Users\robin\AppData\Local\GitHubDesktop\bin;C:\Users\robin\AppData\Local\Programs\Microsoft VS Code\bin;;C:\Program Files\JetBrains\IntelliJ IDEA 2024.2.3\bin;;.]
17-Oct-2024 23:52:46.082 INFO [main] org.apache.coyote.AbstractProtocol.init Initialisation du gestionnaire de protocole ["http-nio-8080"]
17-Oct-2024 23:52:46.153 INFO [main] org.apache.catalina.startup.Catalina.load L'initialisation du serveur a pris [661] millisecondes
17-Oct-2024 23:52:46.214 INFO [main] org.apache.catalina.core.StandardService.startInternal Démarrage du service [Catalina]
17-Oct-2024 23:52:46.216 INFO [main] org.apache.catalina.core.StandardEngine.startInternal Démarrage du moteur de Servlets : [Apache Tomcat/10.1.29]
17-Oct-2024 23:52:46.249 INFO [main] org.apache.catalina.startup.HostConfig.deployWAR Déploiement de l'archive [C:\JEE\serveurs\apache-tomcat-10.1.29\webapps\boutique.war] de l'application web
17-Oct-2024 23:52:47.209 WARNING [main] org.apache.catalina.util.SessionIdGeneratorBase.createSecureRandom La création de l'instance de SecureRandom pour le générateur d'id de session en utilisant [SHA1PRNG] a pris [257] millisecondes
17-Oct-2024 23:52:47.240 INFO [main] org.apache.catalina.startup.HostConfig.deployWAR Le déploiement de l'archive de l'application web [C:\JEE\serveurs\apache-tomcat-10.1.29\webapps\boutique.war] s'est terminé en [991] ms
17-Oct-2024 23:52:47.243 INFO [main] org.apache.catalina.startup.HostConfig.deployWAR Déploiement de l'archive [C:\JEE\serveurs\apache-tomcat-10.1.29\webapps\gestionnotes.war] de l'application web
17-Oct-2024 23:52:48.506 INFO [main] org.apache.jasper.servlet.TldScanner.scanJars Au moins un fichier JAR a été analysé pour trouver des TLDs mais il n'en contenait pas, le mode "debug" du journal peut être activé pour obtenir une liste complète de JAR scannés sans succès ; éviter d'analyser des JARs inutilement peut améliorer sensiblement le temps de démarrage et le temps de compilation des JSPs
17-Oct-2024 23:52:48.554 INFO [main] org.apache.catalina.startup.HostConfig.deployWAR Le déploiement de l'archive de l'application web [C:\JEE\serveurs\apache-tomcat-10.1.29\webapps\gestionnotes.war] s'est terminé en [1 311] ms
17-Oct-2024 23:52:48.556 INFO [main] org.apache.catalina.startup.HostConfig.deployWAR Déploiement de l'archive [C:\JEE\serveurs\apache-tomcat-10.1.29\webapps\gestionnotes_v2-1.0-SNAPSHOT.war] de l'application web
17-Oct-2024 23:52:48.664 INFO [main] org.apache.catalina.startup.HostConfig.deployWAR Le déploiement de l'archive de l'application web [C:\JEE\serveurs\apache-tomcat-10.1.29\webapps\gestionnotes_v2-1.0-SNAPSHOT.war] s'est terminé en [108] ms
17-Oct-2024 23:52:48.672 INFO [main] org.apache.catalina.startup.HostConfig.deployWAR Déploiement de l'archive [C:\JEE\serveurs\apache-tomcat-10.1.29\webapps\td1.war] de l'application web
17-Oct-2024 23:52:48.724 INFO [main] org.apache.catalina.startup.HostConfig.deployWAR Le déploiement de l'archive de l'application web [C:\JEE\serveurs\apache-tomcat-10.1.29\webapps\td1.war] s'est terminé en [52] ms
17-Oct-2024 23:52:48.726 INFO [main] org.apache.catalina.startup.HostConfig.deployWAR Déploiement de l'archive [C:\JEE\serveurs\apache-tomcat-10.1.29\webapps\td2.war] de l'application web
17-Oct-2024 23:52:48.801 INFO [main] org.apache.catalina.startup.HostConfig.deployWAR Le déploiement de l'archive de l'application web [C:\JEE\serveurs\apache-tomcat-10.1.29\webapps\td2.war] s'est terminé en [75] ms
17-Oct-2024 23:52:48.802 INFO [main] org.apache.catalina.startup.HostConfig.deployWAR Déploiement de l'archive [C:\JEE\serveurs\apache-tomcat-10.1.29\webapps\td3.war] de l'application web
17-Oct-2024 23:52:48.874 INFO [main] org.apache.catalina.startup.HostConfig.deployWAR Le déploiement de l'archive de l'application web [C:\JEE\serveurs\apache-tomcat-10.1.29\webapps\td3.war] s'est terminé en [72] ms
17-Oct-2024 23:52:48.875 INFO [main] org.apache.catalina.startup.HostConfig.deployDirectory Déploiement du répertoire d'application web [C:\JEE\serveurs\apache-tomcat-10.1.29\webapps\docs]
17-Oct-2024 23:52:48.918 INFO [main] org.apache.catalina.startup.HostConfig.deployDirectory Le déploiement du répertoire [C:\JEE\serveurs\apache-tomcat-10.1.29\webapps\docs] de l'application web s'est terminé en [43] ms
17-Oct-2024 23:52:48.919 INFO [main] org.apache.catalina.startup.HostConfig.deployDirectory Déploiement du répertoire d'application web [C:\JEE\serveurs\apache-tomcat-10.1.29\webapps\examples]
17-Oct-2024 23:52:49.357 INFO [main] org.apache.catalina.startup.HostConfig.deployDirectory Le déploiement du répertoire [C:\JEE\serveurs\apache-tomcat-10.1.29\webapps\examples] de l'application web s'est terminé en [438] ms
17-Oct-2024 23:52:49.358 INFO [main] org.apache.catalina.startup.HostConfig.deployDirectory Déploiement du répertoire d'application web [C:\JEE\serveurs\apache-tomcat-10.1.29\webapps\host-manager]
17-Oct-2024 23:52:49.404 INFO [main] org.apache.catalina.startup.HostConfig.deployDirectory Le déploiement du répertoire [C:\JEE\serveurs\apache-tomcat-10.1.29\webapps\host-manager] de l'application web s'est terminé en [46] ms
17-Oct-2024 23:52:49.404 INFO [main] org.apache.catalina.startup.HostConfig.deployDirectory Déploiement du répertoire d'application web [C:\JEE\serveurs\apache-tomcat-10.1.29\webapps\manager]
17-Oct-2024 23:52:49.440 INFO [main] org.apache.catalina.startup.HostConfig.deployDirectory Le déploiement du répertoire [C:\JEE\serveurs\apache-tomcat-10.1.29\webapps\manager] de l'application web s'est terminé en [35] ms
17-Oct-2024 23:52:49.440 INFO [main] org.apache.catalina.startup.HostConfig.deployDirectory Déploiement du répertoire d'application web [C:\JEE\serveurs\apache-tomcat-10.1.29\webapps\ROOT]
17-Oct-2024 23:52:49.472 INFO [main] org.apache.catalina.startup.HostConfig.deployDirectory Le déploiement du répertoire [C:\JEE\serveurs\apache-tomcat-10.1.29\webapps\ROOT] de l'application web s'est terminé en [32] ms
17-Oct-2024 23:52:49.482 INFO [main] org.apache.coyote.AbstractProtocol.start Démarrage du gestionnaire de protocole ["http-nio-8080"]
17-Oct-2024 23:52:49.701 INFO [main] org.apache.catalina.startup.Catalina.start Le démarrage du serveur a pris [3547] millisecondes
17-Oct-2024 23:53:49.643 INFO [Catalina-utility-2] org.apache.catalina.startup.HostConfig.deployWAR Déploiement de l'archive [C:\JEE\serveurs\apache-tomcat-10.1.29\webapps\gestionnotes_V2.war] de l'application web
17-Oct-2024 23:53:51.954 INFO [Catalina-utility-2] org.apache.jasper.servlet.TldScanner.scanJars Au moins un fichier JAR a été analysé pour trouver des TLDs mais il n'en contenait pas, le mode "debug" du journal peut être activé pour obtenir une liste complète de JAR scannés sans succès ; éviter d'analyser des JARs inutilement peut améliorer sensiblement le temps de démarrage et le temps de compilation des JSPs
17-Oct-2024 23:53:52.081 INFO [Catalina-utility-2] org.apache.catalina.startup.HostConfig.deployWAR Le déploiement de l'archive de l'application web [C:\JEE\serveurs\apache-tomcat-10.1.29\webapps\gestionnotes_V2.war] s'est terminé en [2 437] ms
17-Oct-2024 23:54:02.124 INFO [Catalina-utility-2] org.apache.catalina.startup.HostConfig.undeploy Retrait de l'application web ayant pour chemin de contexte [/gestionnotes_V2]
17-Oct-2024 23:54:02.214 INFO [Catalina-utility-2] org.apache.catalina.startup.HostConfig.deployWAR Déploiement de l'archive [C:\JEE\serveurs\apache-tomcat-10.1.29\webapps\gestionnotes_V2.war] de l'application web
17-Oct-2024 23:54:03.596 INFO [Catalina-utility-2] org.apache.jasper.servlet.TldScanner.scanJars Au moins un fichier JAR a été analysé pour trouver des TLDs mais il n'en contenait pas, le mode "debug" du journal peut être activé pour obtenir une liste complète de JAR scannés sans succès ; éviter d'analyser des JARs inutilement peut améliorer sensiblement le temps de démarrage et le temps de compilation des JSPs
17-Oct-2024 23:54:03.630 INFO [Catalina-utility-2] org.apache.catalina.startup.HostConfig.deployWAR Le déploiement de l'archive de l'application web [C:\JEE\serveurs\apache-tomcat-10.1.29\webapps\gestionnotes_V2.war] s'est terminé en [1 416] ms
17-Oct-2024 23:55:13.787 INFO [Catalina-utility-2] org.apache.catalina.startup.HostConfig.undeploy Retrait de l'application web ayant pour chemin de contexte [/gestionnotes_V2]
17-Oct-2024 23:55:13.879 INFO [Catalina-utility-2] org.apache.catalina.startup.HostConfig.deployWAR Déploiement de l'archive [C:\JEE\serveurs\apache-tomcat-10.1.29\webapps\gestionnotes_V2.war] de l'application web
17-Oct-2024 23:55:15.720 INFO [Catalina-utility-2] org.apache.jasper.servlet.TldScanner.scanJars Au moins un fichier JAR a été analysé pour trouver des TLDs mais il n'en contenait pas, le mode "debug" du journal peut être activé pour obtenir une liste complète de JAR scannés sans succès ; éviter d'analyser des JARs inutilement peut améliorer sensiblement le temps de démarrage et le temps de compilation des JSPs
17-Oct-2024 23:55:15.755 INFO [Catalina-utility-2] org.apache.catalina.startup.HostConfig.deployWAR Le déploiement de l'archive de l'application web [C:\JEE\serveurs\apache-tomcat-10.1.29\webapps\gestionnotes_V2.war] s'est terminé en [1 876] ms
17-Oct-2024 23:55:35.783 INFO [Catalina-utility-1] org.apache.catalina.startup.HostConfig.undeploy Retrait de l'application web ayant pour chemin de contexte [/gestionnotes_V2]
17-Oct-2024 23:55:45.892 INFO [Catalina-utility-1] org.apache.catalina.startup.HostConfig.deployWAR Déploiement de l'archive [C:\JEE\serveurs\apache-tomcat-10.1.29\webapps\gestionnotes_v2.war] de l'application web
17-Oct-2024 23:55:47.267 INFO [Catalina-utility-1] org.apache.jasper.servlet.TldScanner.scanJars Au moins un fichier JAR a été analysé pour trouver des TLDs mais il n'en contenait pas, le mode "debug" du journal peut être activé pour obtenir une liste complète de JAR scannés sans succès ; éviter d'analyser des JARs inutilement peut améliorer sensiblement le temps de démarrage et le temps de compilation des JSPs
17-Oct-2024 23:55:47.299 INFO [Catalina-utility-1] org.apache.catalina.startup.HostConfig.deployWAR Le déploiement de l'archive de l'application web [C:\JEE\serveurs\apache-tomcat-10.1.29\webapps\gestionnotes_v2.war] s'est terminé en [1 406] ms
17-Oct-2024 23:58:37.689 INFO [Catalina-utility-1] org.apache.catalina.startup.HostConfig.undeploy Retrait de l'application web ayant pour chemin de contexte [/gestionnotes_v2]
17-Oct-2024 23:58:37.692 WARNING [Catalina-utility-1] org.apache.catalina.loader.WebappClassLoaderBase.clearReferencesJdbc L'application web [gestionnotes_v2] a enregistré un pilote JDBC [com.mysql.cj.jdbc.Driver], mais ne l'a pas désenregistré avant l'arrêt de l'application.  Pour éviter une fuite de mémoire, le pilote JDBC a été désenregistré de force.
17-Oct-2024 23:58:37.693 WARNING [Catalina-utility-1] org.apache.catalina.loader.WebappClassLoaderBase.clearReferencesThreads L'application web [gestionnotes_v2] semble avoir démarré un thread nommé [mysql-cj-abandoned-connection-cleanup] mais ne l'a pas arrêté, ce qui va probablement créer une fuite de mémoire ; la trace du thread est : 
 java.base@11.0.23/java.lang.Object.wait(Native Method)
 java.base@11.0.23/java.lang.ref.ReferenceQueue.remove(ReferenceQueue.java:155)
 com.mysql.cj.jdbc.AbandonedConnectionCleanupThread.run(AbandonedConnectionCleanupThread.java:84)
 java.base@11.0.23/java.util.concurrent.ThreadPoolExecutor.runWorker(ThreadPoolExecutor.java:1128)
 java.base@11.0.23/java.util.concurrent.ThreadPoolExecutor$Worker.run(ThreadPoolExecutor.java:628)
 java.base@11.0.23/java.lang.Thread.run(Thread.java:834)
17-Oct-2024 23:58:38.013 INFO [36] org.apache.catalina.loader.WebappClassLoaderBase.checkStateForResourceLoading Impossible de charger [], ce chargeur de classes a déjà été arrêté
	java.lang.IllegalStateException: Impossible de charger [], ce chargeur de classes a déjà été arrêté
		at org.apache.catalina.loader.WebappClassLoaderBase.checkStateForResourceLoading(WebappClassLoaderBase.java:1352)
		at org.apache.catalina.loader.WebappClassLoaderBase.getResource(WebappClassLoaderBase.java:950)
		at com.mysql.cj.jdbc.AbandonedConnectionCleanupThread.checkThreadContextClassLoader(AbandonedConnectionCleanupThread.java:116)
		at com.mysql.cj.jdbc.AbandonedConnectionCleanupThread.run(AbandonedConnectionCleanupThread.java:83)
		at java.base/java.util.concurrent.ThreadPoolExecutor.runWorker(ThreadPoolExecutor.java:1128)
		at java.base/java.util.concurrent.ThreadPoolExecutor$Worker.run(ThreadPoolExecutor.java:628)
		at java.base/java.lang.Thread.run(Thread.java:834)
