18-Sep-2024 13:11:58.983 INFO [main] org.apache.catalina.core.ApplicationContext.log ContextListener: contextInitialized()
18-Sep-2024 13:11:58.983 INFO [main] org.apache.catalina.core.ApplicationContext.log SessionListener: contextInitialized()
18-Sep-2024 13:11:58.985 INFO [main] org.apache.catalina.core.ApplicationContext.log ContextListener: attributeAdded('StockTicker', 'async.Stockticker@4b770e40')
18-Sep-2024 14:53:09.549 INFO [main] org.apache.catalina.core.ApplicationContext.log SessionListener: contextDestroyed()
18-Sep-2024 14:53:09.549 INFO [main] org.apache.catalina.core.ApplicationContext.log ContextListener: contextDestroyed()
18-Sep-2024 15:15:45.470 INFO [main] org.apache.catalina.core.ApplicationContext.log ContextListener: contextInitialized()
18-Sep-2024 15:15:45.470 INFO [main] org.apache.catalina.core.ApplicationContext.log SessionListener: contextInitialized()
18-Sep-2024 15:15:45.487 INFO [main] org.apache.catalina.core.ApplicationContext.log ContextListener: attributeAdded('StockTicker', 'async.Stockticker@26f143ed')
18-Sep-2024 15:56:49.146 INFO [http-nio-8080-exec-37] org.apache.catalina.core.ApplicationContext.log La servlet [CookieServlet] est marqué comme indisponible
18-Sep-2024 15:56:49.146 SEVERE [http-nio-8080-exec-37] org.apache.catalina.core.StandardWrapperValve.invoke Exception lors de l'allocation pour la servlet [CookieServlet]
	java.lang.ClassCastException: class fr.univtours.polytech.td2.servlet.CookieServlet cannot be cast to class jakarta.servlet.Servlet (fr.univtours.polytech.td2.servlet.CookieServlet is in unnamed module of loader org.apache.catalina.loader.ParallelWebappClassLoader @21852389; jakarta.servlet.Servlet is in unnamed module of loader java.net.URLClassLoader @5b87ed94)
		at org.apache.catalina.core.StandardWrapper.loadServlet(StandardWrapper.java:758)
		at org.apache.catalina.core.StandardWrapper.allocate(StandardWrapper.java:575)
		at org.apache.catalina.core.StandardWrapperValve.invoke(StandardWrapperValve.java:115)
		at org.apache.catalina.core.StandardContextValve.invoke(StandardContextValve.java:90)
		at org.apache.catalina.authenticator.AuthenticatorBase.invoke(AuthenticatorBase.java:483)
		at org.apache.catalina.core.StandardHostValve.invoke(StandardHostValve.java:115)
		at org.apache.catalina.valves.ErrorReportValve.invoke(ErrorReportValve.java:93)
		at org.apache.catalina.valves.AbstractAccessLogValve.invoke(AbstractAccessLogValve.java:663)
		at org.apache.catalina.core.StandardEngineValve.invoke(StandardEngineValve.java:74)
		at org.apache.catalina.connector.CoyoteAdapter.service(CoyoteAdapter.java:344)
		at org.apache.coyote.http11.Http11Processor.service(Http11Processor.java:384)
		at org.apache.coyote.AbstractProcessorLight.process(AbstractProcessorLight.java:63)
		at org.apache.coyote.AbstractProtocol$ConnectionHandler.process(AbstractProtocol.java:904)
		at org.apache.tomcat.util.net.NioEndpoint$SocketProcessor.doRun(NioEndpoint.java:1741)
		at org.apache.tomcat.util.net.SocketProcessorBase.run(SocketProcessorBase.java:52)
		at org.apache.tomcat.util.threads.ThreadPoolExecutor.runWorker(ThreadPoolExecutor.java:1190)
		at org.apache.tomcat.util.threads.ThreadPoolExecutor$Worker.run(ThreadPoolExecutor.java:659)
		at org.apache.tomcat.util.threads.TaskThread$WrappingRunnable.run(TaskThread.java:63)
		at java.base/java.lang.Thread.run(Thread.java:834)
18-Sep-2024 18:45:00.358 INFO [main] org.apache.catalina.core.ApplicationContext.log SessionListener: contextDestroyed()
18-Sep-2024 18:45:00.358 INFO [main] org.apache.catalina.core.ApplicationContext.log ContextListener: contextDestroyed()
