2024-10-18 00:18:18,328 INFO  [org.jboss.modules] (main) JBoss Modules version 2.1.2.Final
2024-10-18 00:18:19,237 INFO  [org.jboss.msc] (main) JBoss MSC version 1.5.2.Final
2024-10-18 00:18:19,251 INFO  [org.jboss.threads] (main) JBoss Threads version 2.4.0.Final
2024-10-18 00:18:19,383 INFO  [org.jboss.as] (MSC service thread 1-1) WFLYSRV0049: WildFly Full 30.0.0.Final (WildFly Core 22.0.1.Final) starting
2024-10-18 00:18:19,386 DEBUG [org.jboss.as.config] (MSC service thread 1-1) Configured system properties:
	awt.toolkit = sun.awt.windows.WToolkit
	file.encoding = Cp1252
	file.separator = \
	java.awt.graphicsenv = sun.awt.Win32GraphicsEnvironment
	java.awt.headless = true
	java.awt.printerjob = sun.awt.windows.WPrinterJob
	java.class.path = c:\JEE\serveurs\wildfly-30.0.0.Final/jboss-modules.jar
	java.class.version = 55.0
	java.home = C:\JEE\JDK\jdk-11.0.23
	java.io.tmpdir = C:\Users\robin\AppData\Local\Temp\
	java.library.path = C:\JEE\JDK\jdk-11.0.23\bin;C:\WINDOWS\Sun\Java\bin;C:\WINDOWS\system32;C:\WINDOWS;C:\JEE\JDK\jdk-11.0.23\bin;C:\Program Files (x86)\VMware\VMware Player\bin\;C:\WINDOWS\system32;C:\WINDOWS;C:\WINDOWS\System32\Wbem;C:\WINDOWS\System32\WindowsPowerShell\v1.0\;C:\WINDOWS\System32\OpenSSH\;C:\PHP;C:\Program Files\Git\cmd;C:\MinGW\bin;C:\JEE\apache-maven-3.9.9\bin;C:\JEE\JDK\jdk-11.0.23\bin;C:\Users\robin\AppData\Local\Microsoft\WindowsApps;C:\Users\robin\AppData\Local\GitHubDesktop\bin;C:\Users\robin\AppData\Local\Programs\Microsoft VS Code\bin;;C:\Program Files\JetBrains\IntelliJ IDEA 2024.2.3\bin;;.
	java.net.preferIPv4Stack = true
	java.runtime.name = Java(TM) SE Runtime Environment
	java.runtime.version = 11.0.23+7-LTS-222
	java.specification.maintenance.version = 2
	java.specification.name = Java Platform API Specification
	java.specification.vendor = Oracle Corporation
	java.specification.version = 11
	java.util.logging.manager = org.jboss.logmanager.LogManager
	java.vendor = Oracle Corporation
	java.vendor.url = https://openjdk.java.net/
	java.vendor.url.bug = https://bugreport.java.com/bugreport/
	java.vendor.version = 18.9
	java.version = 11.0.23
	java.version.date = 2024-04-16
	java.vm.compressedOopsMode = 32-bit
	java.vm.info = mixed mode
	java.vm.name = Java HotSpot(TM) 64-Bit Server VM
	java.vm.specification.name = Java Virtual Machine Specification
	java.vm.specification.vendor = Oracle Corporation
	java.vm.specification.version = 11
	java.vm.vendor = Oracle Corporation
	java.vm.version = 11.0.23+7-LTS-222
	javax.management.builder.initial = org.jboss.as.jmx.PluggableMBeanServerBuilder
	jboss.bind.address = localhost
	jboss.bind.address.management = localhost
	jboss.home.dir = c:\JEE\serveurs\wildfly-30.0.0.Final
	jboss.host.name = laptop-robin
	jboss.http.port = 8080
	jboss.modules.system.pkgs = org.jboss.byteman
	jboss.node.name = laptop-robin
	jboss.qualified.host.name = laptop-robin
	jboss.server.base.dir = c:\JEE\serveurs\wildfly-30.0.0.Final\standalone
	jboss.server.config.dir = c:\JEE\serveurs\wildfly-30.0.0.Final\standalone\configuration
	jboss.server.data.dir = c:\JEE\serveurs\wildfly-30.0.0.Final\standalone\data
	jboss.server.log.dir = c:\JEE\serveurs\wildfly-30.0.0.Final\standalone\log
	jboss.server.name = laptop-robin
	jboss.server.persist.config = true
	jboss.server.temp.dir = c:\JEE\serveurs\wildfly-30.0.0.Final\standalone\tmp
	jdk.debug = release
	line.separator = 

	logging.configuration = file:c:\JEE\serveurs\wildfly-30.0.0.Final\standalone\configuration\logging.properties
	module.path = c:\JEE\serveurs\wildfly-30.0.0.Final\modules
	org.jboss.boot.log.file = c:\JEE\serveurs\wildfly-30.0.0.Final\standalone\log\boot.log
	org.jboss.logmanager.nocolor = true
	org.jboss.resolver.warning = true
	os.arch = amd64
	os.name = Windows 11
	os.version = 10.0
	path.separator = ;
	program.name = rsp:WildFly 27+
	sun.arch.data.model = 64
	sun.boot.library.path = C:\JEE\JDK\jdk-11.0.23\bin
	sun.cpu.endian = little
	sun.cpu.isalist = amd64
	sun.desktop = windows
	sun.io.unicode.encoding = UnicodeLittle
	sun.java.command = org.jboss.modules.Main -mp c:\JEE\serveurs\wildfly-30.0.0.Final\modules org.jboss.as.standalone -b localhost --server-config=standalone.xml
	sun.java.launcher = SUN_STANDARD
	sun.jnu.encoding = Cp1252
	sun.management.compiler = HotSpot 64-Bit Tiered Compilers
	sun.os.patch.level = 
	sun.rmi.dgc.client.gcInterval = 3600000
	sun.rmi.dgc.server.gcInterval = 3600000
	user.country = FR
	user.dir = c:\JEE\serveurs\wildfly-30.0.0.Final\bin
	user.home = C:\Users\robin
	user.language = fr
	user.name = robin
	user.script = 
	user.timezone = Europe/Paris
	user.variant = 
2024-10-18 00:18:19,397 DEBUG [org.jboss.as.config] (MSC service thread 1-1) VM Arguments: -Dprogram.name=rsp:WildFly 27+ -Xms64m -Xmx512m -Dorg.jboss.resolver.warning=true -Djava.net.preferIPv4Stack=true -Dsun.rmi.dgc.client.gcInterval=3600000 -Dsun.rmi.dgc.server.gcInterval=3600000 -Djboss.modules.system.pkgs=org.jboss.byteman -Djava.awt.headless=true -Dorg.jboss.boot.log.file=c:\JEE\serveurs\wildfly-30.0.0.Final\standalone\log\boot.log -Dlogging.configuration=file:c:\JEE\serveurs\wildfly-30.0.0.Final\standalone\configuration\logging.properties -Djboss.home.dir=c:\JEE\serveurs\wildfly-30.0.0.Final -Djboss.server.base.dir=c:\JEE\serveurs\wildfly-30.0.0.Final\standalone -Dorg.jboss.logmanager.nocolor=true -Djboss.bind.address.management=localhost --add-exports=java.base/sun.nio.ch=ALL-UNNAMED --add-exports=jdk.unsupported/sun.misc=ALL-UNNAMED --add-exports=jdk.unsupported/sun.reflect=ALL-UNNAMED --add-modules=java.se -Djboss.http.port=8080 
2024-10-18 00:18:20,236 INFO  [org.wildfly.security] (ServerService Thread Pool -- 28) ELY00001: WildFly Elytron version 2.2.2.Final
2024-10-18 00:18:21,020 INFO  [org.jboss.as.controller.management-deprecated] (ServerService Thread Pool -- 7) WFLYCTL0028: Attribute 'cluster' in the resource at address '/subsystem=ejb3/service=remote' is deprecated, and may be removed in a future version. See the attribute description in the output of the read-resource-description operation to learn more about the deprecation.
2024-10-18 00:18:21,137 INFO  [org.jboss.as.server] (Controller Boot Thread) WFLYSRV0039: Creating http management service using socket-binding (management-http)
2024-10-18 00:18:21,192 INFO  [org.xnio] (MSC service thread 1-4) XNIO version 3.8.11.Final
2024-10-18 00:18:21,204 INFO  [org.xnio.nio] (MSC service thread 1-4) XNIO NIO Implementation Version 3.8.11.Final
2024-10-18 00:18:21,344 INFO  [org.wildfly.extension.health] (ServerService Thread Pool -- 54) WFLYHEALTH0001: Activating Base Health Subsystem
2024-10-18 00:18:21,348 INFO  [org.jboss.as.clustering.infinispan] (ServerService Thread Pool -- 55) WFLYCLINF0001: Activating Infinispan subsystem.
2024-10-18 00:18:21,350 INFO  [org.wildfly.extension.microprofile.jwt.smallrye] (ServerService Thread Pool -- 66) WFLYJWT0001: Activating MicroProfile JWT Subsystem
2024-10-18 00:18:21,364 INFO  [org.wildfly.extension.elytron.oidc._private] (ServerService Thread Pool -- 53) WFLYOIDC0001: Activating WildFly Elytron OIDC Subsystem
2024-10-18 00:18:21,370 INFO  [org.jboss.as.naming] (ServerService Thread Pool -- 67) WFLYNAM0001: Activating Naming Subsystem
2024-10-18 00:18:21,358 WARN  [org.jboss.as.txn] (ServerService Thread Pool -- 74) WFLYTX0013: The node-identifier attribute on the /subsystem=transactions is set to the default value. This is a danger for environments running multiple servers. Please make sure the attribute value is unique.
2024-10-18 00:18:21,373 INFO  [org.jboss.as.jsf] (ServerService Thread Pool -- 62) WFLYJSF0007: Activated the following Jakarta Server Faces Implementations: [main]
2024-10-18 00:18:21,378 INFO  [org.jboss.as.jaxrs] (ServerService Thread Pool -- 57) WFLYRS0016: RESTEasy version 6.2.5.Final
2024-10-18 00:18:21,409 INFO  [org.wildfly.extension.metrics] (ServerService Thread Pool -- 64) WFLYMETRICS0001: Activating Base Metrics Subsystem
2024-10-18 00:18:21,417 INFO  [org.jboss.as.webservices] (ServerService Thread Pool -- 76) WFLYWS0002: Activating WebServices Extension
2024-10-18 00:18:21,418 INFO  [org.wildfly.extension.microprofile.config.smallrye] (ServerService Thread Pool -- 65) WFLYCONF0001: Activating MicroProfile Config Subsystem
2024-10-18 00:18:21,438 INFO  [org.jboss.as.connector.subsystems.datasources] (ServerService Thread Pool -- 44) WFLYJCA0004: Deploying JDBC-compliant driver class org.h2.Driver (version 2.2)
2024-10-18 00:18:21,500 INFO  [org.wildfly.extension.undertow] (MSC service thread 1-2) WFLYUT0003: Undertow 2.3.10.Final starting
2024-10-18 00:18:21,509 INFO  [org.wildfly.extension.io] (ServerService Thread Pool -- 56) WFLYIO001: Worker 'default' has auto-configured to 16 IO threads with 128 max task threads based on your 8 available processors
2024-10-18 00:18:21,516 INFO  [org.jboss.as.connector] (MSC service thread 1-6) WFLYJCA0009: Starting Jakarta Connectors Subsystem (WildFly/IronJacamar 3.0.4.Final)
2024-10-18 00:18:21,567 INFO  [org.jboss.as.connector.deployers.jdbc] (MSC service thread 1-5) WFLYJCA0018: Started Driver service with driver-name = h2
2024-10-18 00:18:21,637 INFO  [org.wildfly.extension.undertow] (ServerService Thread Pool -- 75) WFLYUT0014: Creating file handler for path 'c:\JEE\serveurs\wildfly-30.0.0.Final/welcome-content' with options [directory-listing: 'false', follow-symlink: 'false', case-sensitive: 'true', safe-symlink-paths: '[]']
2024-10-18 00:18:21,654 WARN  [org.wildfly.extension.elytron] (MSC service thread 1-5) WFLYELY00023: KeyStore file 'c:\JEE\serveurs\wildfly-30.0.0.Final\standalone\configuration\application.keystore' does not exist. Used blank.
2024-10-18 00:18:21,780 WARN  [org.wildfly.extension.elytron] (MSC service thread 1-5) WFLYELY01084: KeyStore c:\JEE\serveurs\wildfly-30.0.0.Final\standalone\configuration\application.keystore not found, it will be auto-generated on first use with a self-signed certificate for host localhost
2024-10-18 00:18:21,798 INFO  [org.jboss.as.naming] (MSC service thread 1-5) WFLYNAM0003: Starting Naming Service
2024-10-18 00:18:21,864 INFO  [org.jboss.as.ejb3] (MSC service thread 1-5) WFLYEJB0481: Strict pool slsb-strict-max-pool is using a max instance size of 128 (per class), which is derived from thread worker pool sizing.
2024-10-18 00:18:21,861 INFO  [org.jboss.as.ejb3] (MSC service thread 1-8) WFLYEJB0482: Strict pool mdb-strict-max-pool is using a max instance size of 32 (per class), which is derived from the number of CPUs on this host.
2024-10-18 00:18:21,904 INFO  [org.jboss.remoting] (MSC service thread 1-4) JBoss Remoting version 5.0.27.Final
